<?xml version="1.0" encoding="UTF-8"?>
<testsuite xmlns:xsi="http://www.w3.org/2001/XMLSchema-instance" xsi:noNamespaceSchemaLocation="https://maven.apache.org/surefire/maven-surefire-plugin/xsd/surefire-test-report-3.0.xsd" version="3.0" name="OrderGetTest" time="3.219" tests="1" errors="0" skipped="0" failures="0">
  <properties>
    <property name="java.specification.version" value="17"/>
    <property name="sun.cpu.isalist" value="amd64"/>
    <property name="sun.jnu.encoding" value="Cp1251"/>
    <property name="java.class.path" value="C:\Users\mikey\IdeaProjects\Sprint_3\target\test-classes;C:\Users\mikey\IdeaProjects\Sprint_3\target\classes;C:\Users\mikey\.m2\repository\org\projectlombok\lombok\1.18.24\lombok-1.18.24.jar;C:\Users\mikey\.m2\repository\com\google\code\gson\gson\2.9.0\gson-2.9.0.jar;C:\Users\mikey\.m2\repository\org\aspectj\aspectjweaver\1.9.9.1\aspectjweaver-1.9.9.1.jar;C:\Users\mikey\.m2\repository\ch\qos\logback\logback-classic\1.3.0-alpha4\logback-classic-1.3.0-alpha4.jar;C:\Users\mikey\.m2\repository\ch\qos\logback\logback-core\1.3.0-alpha4\logback-core-1.3.0-alpha4.jar;C:\Users\mikey\.m2\repository\com\sun\mail\javax.mail\1.6.0\javax.mail-1.6.0.jar;C:\Users\mikey\.m2\repository\javax\activation\activation\1.1\activation-1.1.jar;C:\Users\mikey\.m2\repository\org\slf4j\slf4j-api\1.8.0-beta4\slf4j-api-1.8.0-beta4.jar;C:\Users\mikey\.m2\repository\junit\junit\4.13.2\junit-4.13.2.jar;C:\Users\mikey\.m2\repository\org\hamcrest\hamcrest-core\1.3\hamcrest-core-1.3.jar;C:\Users\mikey\.m2\repository\io\rest-assured\rest-assured\5.0.1\rest-assured-5.0.1.jar;C:\Users\mikey\.m2\repository\org\apache\groovy\groovy\4.0.1\groovy-4.0.1.jar;C:\Users\mikey\.m2\repository\org\apache\groovy\groovy-xml\4.0.1\groovy-xml-4.0.1.jar;C:\Users\mikey\.m2\repository\org\apache\httpcomponents\httpclient\4.5.13\httpclient-4.5.13.jar;C:\Users\mikey\.m2\repository\org\apache\httpcomponents\httpcore\4.4.13\httpcore-4.4.13.jar;C:\Users\mikey\.m2\repository\commons-logging\commons-logging\1.2\commons-logging-1.2.jar;C:\Users\mikey\.m2\repository\commons-codec\commons-codec\1.11\commons-codec-1.11.jar;C:\Users\mikey\.m2\repository\org\apache\httpcomponents\httpmime\4.5.13\httpmime-4.5.13.jar;C:\Users\mikey\.m2\repository\org\hamcrest\hamcrest\2.1\hamcrest-2.1.jar;C:\Users\mikey\.m2\repository\org\ccil\cowan\tagsoup\tagsoup\1.2.1\tagsoup-1.2.1.jar;C:\Users\mikey\.m2\repository\io\rest-assured\json-path\5.0.1\json-path-5.0.1.jar;C:\Users\mikey\.m2\repository\org\apache\groovy\groovy-json\4.0.1\groovy-json-4.0.1.jar;C:\Users\mikey\.m2\repository\io\rest-assured\rest-assured-common\5.0.1\rest-assured-common-5.0.1.jar;C:\Users\mikey\.m2\repository\io\rest-assured\xml-path\5.0.1\xml-path-5.0.1.jar;C:\Users\mikey\.m2\repository\org\apache\commons\commons-lang3\3.11\commons-lang3-3.11.jar;C:\Users\mikey\.m2\repository\io\qameta\allure\allure-junit4\2.18.0\allure-junit4-2.18.0.jar;C:\Users\mikey\.m2\repository\io\qameta\allure\allure-java-commons\2.18.0\allure-java-commons-2.18.0.jar;C:\Users\mikey\.m2\repository\io\qameta\allure\allure-model\2.18.0\allure-model-2.18.0.jar;"/>
    <property name="java.vm.vendor" value="Oracle Corporation"/>
    <property name="sun.arch.data.model" value="64"/>
    <property name="user.variant" value=""/>
    <property name="java.vendor.url" value="https://java.oracle.com/"/>
    <property name="user.timezone" value="Europe/Moscow"/>
    <property name="os.name" value="Windows 10"/>
    <property name="java.vm.specification.version" value="17"/>
    <property name="sun.java.launcher" value="SUN_STANDARD"/>
    <property name="user.country" value="RU"/>
    <property name="sun.boot.library.path" value="C:\Users\mikey\.jdks\openjdk-17.0.2\bin"/>
    <property name="sun.java.command" value="C:\Users\mikey\AppData\Local\Temp\surefire2625515780768761485\surefirebooter3546613040105724583.jar C:\Users\mikey\AppData\Local\Temp\surefire2625515780768761485 2022-06-02T17-09-32_441-jvmRun1 surefire7785391671500156287tmp surefire_06384954586533073899tmp"/>
    <property name="jdk.debug" value="release"/>
    <property name="surefire.test.class.path" value="C:\Users\mikey\IdeaProjects\Sprint_3\target\test-classes;C:\Users\mikey\IdeaProjects\Sprint_3\target\classes;C:\Users\mikey\.m2\repository\org\projectlombok\lombok\1.18.24\lombok-1.18.24.jar;C:\Users\mikey\.m2\repository\com\google\code\gson\gson\2.9.0\gson-2.9.0.jar;C:\Users\mikey\.m2\repository\org\aspectj\aspectjweaver\1.9.9.1\aspectjweaver-1.9.9.1.jar;C:\Users\mikey\.m2\repository\ch\qos\logback\logback-classic\1.3.0-alpha4\logback-classic-1.3.0-alpha4.jar;C:\Users\mikey\.m2\repository\ch\qos\logback\logback-core\1.3.0-alpha4\logback-core-1.3.0-alpha4.jar;C:\Users\mikey\.m2\repository\com\sun\mail\javax.mail\1.6.0\javax.mail-1.6.0.jar;C:\Users\mikey\.m2\repository\javax\activation\activation\1.1\activation-1.1.jar;C:\Users\mikey\.m2\repository\org\slf4j\slf4j-api\1.8.0-beta4\slf4j-api-1.8.0-beta4.jar;C:\Users\mikey\.m2\repository\junit\junit\4.13.2\junit-4.13.2.jar;C:\Users\mikey\.m2\repository\org\hamcrest\hamcrest-core\1.3\hamcrest-core-1.3.jar;C:\Users\mikey\.m2\repository\io\rest-assured\rest-assured\5.0.1\rest-assured-5.0.1.jar;C:\Users\mikey\.m2\repository\org\apache\groovy\groovy\4.0.1\groovy-4.0.1.jar;C:\Users\mikey\.m2\repository\org\apache\groovy\groovy-xml\4.0.1\groovy-xml-4.0.1.jar;C:\Users\mikey\.m2\repository\org\apache\httpcomponents\httpclient\4.5.13\httpclient-4.5.13.jar;C:\Users\mikey\.m2\repository\org\apache\httpcomponents\httpcore\4.4.13\httpcore-4.4.13.jar;C:\Users\mikey\.m2\repository\commons-logging\commons-logging\1.2\commons-logging-1.2.jar;C:\Users\mikey\.m2\repository\commons-codec\commons-codec\1.11\commons-codec-1.11.jar;C:\Users\mikey\.m2\repository\org\apache\httpcomponents\httpmime\4.5.13\httpmime-4.5.13.jar;C:\Users\mikey\.m2\repository\org\hamcrest\hamcrest\2.1\hamcrest-2.1.jar;C:\Users\mikey\.m2\repository\org\ccil\cowan\tagsoup\tagsoup\1.2.1\tagsoup-1.2.1.jar;C:\Users\mikey\.m2\repository\io\rest-assured\json-path\5.0.1\json-path-5.0.1.jar;C:\Users\mikey\.m2\repository\org\apache\groovy\groovy-json\4.0.1\groovy-json-4.0.1.jar;C:\Users\mikey\.m2\repository\io\rest-assured\rest-assured-common\5.0.1\rest-assured-common-5.0.1.jar;C:\Users\mikey\.m2\repository\io\rest-assured\xml-path\5.0.1\xml-path-5.0.1.jar;C:\Users\mikey\.m2\repository\org\apache\commons\commons-lang3\3.11\commons-lang3-3.11.jar;C:\Users\mikey\.m2\repository\io\qameta\allure\allure-junit4\2.18.0\allure-junit4-2.18.0.jar;C:\Users\mikey\.m2\repository\io\qameta\allure\allure-java-commons\2.18.0\allure-java-commons-2.18.0.jar;C:\Users\mikey\.m2\repository\io\qameta\allure\allure-model\2.18.0\allure-model-2.18.0.jar;"/>
    <property name="sun.cpu.endian" value="little"/>
    <property name="user.home" value="C:\Users\mikey"/>
    <property name="user.language" value="ru"/>
    <property name="java.specification.vendor" value="Oracle Corporation"/>
    <property name="java.version.date" value="2022-01-18"/>
    <property name="java.home" value="C:\Users\mikey\.jdks\openjdk-17.0.2"/>
    <property name="file.separator" value="\"/>
    <property name="basedir" value="C:\Users\mikey\IdeaProjects\Sprint_3"/>
    <property name="java.vm.compressedOopsMode" value="Zero based"/>
    <property name="line.separator" value="&#10;"/>
    <property name="java.vm.specification.vendor" value="Oracle Corporation"/>
    <property name="java.specification.name" value="Java Platform API Specification"/>
    <property name="surefire.real.class.path" value="C:\Users\mikey\AppData\Local\Temp\surefire2625515780768761485\surefirebooter3546613040105724583.jar"/>
    <property name="user.script" value=""/>
    <property name="sun.management.compiler" value="HotSpot 64-Bit Tiered Compilers"/>
    <property name="java.runtime.version" value="17.0.2+8-86"/>
    <property name="user.name" value="mikey"/>
    <property name="path.separator" value=";"/>
    <property name="os.version" value="10.0"/>
    <property name="java.runtime.name" value="OpenJDK Runtime Environment"/>
    <property name="file.encoding" value="Cp1251"/>
    <property name="java.vm.name" value="OpenJDK 64-Bit Server VM"/>
    <property name="localRepository" value="C:\Users\mikey\.m2\repository"/>
    <property name="java.vendor.url.bug" value="https://bugreport.java.com/bugreport/"/>
    <property name="java.io.tmpdir" value="C:\Users\mikey\AppData\Local\Temp\"/>
    <property name="idea.version" value="2022.1.1"/>
    <property name="java.version" value="17.0.2"/>
    <property name="user.dir" value="C:\Users\mikey\IdeaProjects\Sprint_3"/>
    <property name="os.arch" value="amd64"/>
    <property name="java.vm.specification.name" value="Java Virtual Machine Specification"/>
    <property name="sun.os.patch.level" value=""/>
    <property name="native.encoding" value="Cp1251"/>
    <property name="java.library.path" value="C:\Users\mikey\.jdks\openjdk-17.0.2\bin;C:\Windows\Sun\Java\bin;C:\Windows\system32;C:\Windows;C:\Program Files\Amazon Corretto\jdk11.0.14_10\bin;C:\Windows\system32;C:\Windows;C:\Windows\System32\Wbem;C:\Windows\System32\WindowsPowerShell\v1.0\;C:\Windows\System32\OpenSSH\;C:\Program Files\PuTTY\;C:\ProgramData\chocolatey\bin;C:\Program Files\dotnet\;C:\Program Files (x86)\NVIDIA Corporation\PhysX\Common;%NVM_HOME%;%NVM_SYMLINK%;C:\Program Files\Git\cmd;C:\Users\mikey\AppData\Local\Programs\Python\Python39\Scripts\;C:\Users\mikey\AppData\Local\Programs\Python\Python39\;C:\Users\mikey\AppData\Local\Microsoft\WindowsApps;C:\Users\mikey\AppData\Local\Programs\Fiddler;C:\Users\mikey\AppData\Local\Microsoft\WindowsApps;C:\Users\mikey\AppData\Local\atom\bin;C:\Users\mikey\AppData\Roaming\npm;C:\Program Files\JetBrains\IntelliJ IDEA 2021.2.3\bin;;C:\Users\mikey\AppData\Roaming\nvm;C:\Program Files\nodejs;C:\Users\mikey\AppData\Local\Programs\Microsoft VS Code\bin;."/>
    <property name="java.vm.info" value="mixed mode, sharing"/>
    <property name="java.vendor" value="Oracle Corporation"/>
    <property name="java.vm.version" value="17.0.2+8-86"/>
    <property name="sun.io.unicode.encoding" value="UnicodeLittle"/>
    <property name="java.class.version" value="61.0"/>
  </properties>
  <testcase name="orderGetList" classname="OrderGetTest" time="3.218">
    <system-out><![CDATA[Request method:	POST
Request URI:	http://qa-scooter.praktikum-services.ru/api/v1/orders/
Proxy:			<none>
Request params:	<none>
Query params:	<none>
Form params:	<none>
Path params:	<none>
Headers:		Accept=application/json, application/javascript, text/javascript, text/json
				Content-Type=application/json
Cookies:		<none>
Multiparts:		<none>
Body:
{
    "firstName": "Naruto",
    "lastName": "Uchiha",
    "address": "Konoha, 142 apt.",
    "metroStation": 4,
    "phone": "+7 800 355 35 35",
    "rentTime": 5,
    "deliveryDate": "2020-06-06",
    "comment": "Saske, come back to Konoha",
    "color": [
        "BLACK"
    ]
}
Request method:	POST
Request URI:	http://qa-scooter.praktikum-services.ru/api/v1/orders/
Proxy:			<none>
Request params:	<none>
Query params:	<none>
Form params:	<none>
Path params:	<none>
Headers:		Accept=application/json, application/javascript, text/javascript, text/json
				Content-Type=application/json
Cookies:		<none>
Multiparts:		<none>
Body:
{
    "firstName": "Naruto",
    "lastName": "Uchiha",
    "address": "Konoha, 142 apt.",
    "metroStation": 4,
    "phone": "+7 800 355 35 35",
    "rentTime": 5,
    "deliveryDate": "2020-06-06",
    "comment": "Saske, come back to Konoha",
    "color": [
        "BLACK"
    ]
}
Request method:	POST
Request URI:	http://qa-scooter.praktikum-services.ru/api/v1/orders/
Proxy:			<none>
Request params:	<none>
Query params:	<none>
Form params:	<none>
Path params:	<none>
Headers:		Accept=application/json, application/javascript, text/javascript, text/json
				Content-Type=application/json
Cookies:		<none>
Multiparts:		<none>
Body:
{
    "firstName": "Naruto",
    "lastName": "Uchiha",
    "address": "Konoha, 142 apt.",
    "metroStation": 4,
    "phone": "+7 800 355 35 35",
    "rentTime": 5,
    "deliveryDate": "2020-06-06",
    "comment": "Saske, come back to Konoha",
    "color": [
        "BLACK"
    ]
}
Request method:	POST
Request URI:	http://qa-scooter.praktikum-services.ru/api/v1/orders/
Proxy:			<none>
Request params:	<none>
Query params:	<none>
Form params:	<none>
Path params:	<none>
Headers:		Accept=application/json, application/javascript, text/javascript, text/json
				Content-Type=application/json
Cookies:		<none>
Multiparts:		<none>
Body:
{
    "firstName": "Naruto",
    "lastName": "Uchiha",
    "address": "Konoha, 142 apt.",
    "metroStation": 4,
    "phone": "+7 800 355 35 35",
    "rentTime": 5,
    "deliveryDate": "2020-06-06",
    "comment": "Saske, come back to Konoha",
    "color": [
        "BLACK"
    ]
}
Request method:	POST
Request URI:	http://qa-scooter.praktikum-services.ru/api/v1/orders/
Proxy:			<none>
Request params:	<none>
Query params:	<none>
Form params:	<none>
Path params:	<none>
Headers:		Accept=application/json, application/javascript, text/javascript, text/json
				Content-Type=application/json
Cookies:		<none>
Multiparts:		<none>
Body:
{
    "firstName": "Naruto",
    "lastName": "Uchiha",
    "address": "Konoha, 142 apt.",
    "metroStation": 4,
    "phone": "+7 800 355 35 35",
    "rentTime": 5,
    "deliveryDate": "2020-06-06",
    "comment": "Saske, come back to Konoha",
    "color": [
        "BLACK"
    ]
}
Request method:	POST
Request URI:	http://qa-scooter.praktikum-services.ru/api/v1/orders/
Proxy:			<none>
Request params:	<none>
Query params:	<none>
Form params:	<none>
Path params:	<none>
Headers:		Accept=application/json, application/javascript, text/javascript, text/json
				Content-Type=application/json
Cookies:		<none>
Multiparts:		<none>
Body:
{
    "firstName": "Naruto",
    "lastName": "Uchiha",
    "address": "Konoha, 142 apt.",
    "metroStation": 4,
    "phone": "+7 800 355 35 35",
    "rentTime": 5,
    "deliveryDate": "2020-06-06",
    "comment": "Saske, come back to Konoha",
    "color": [
        "BLACK"
    ]
}
Request method:	POST
Request URI:	http://qa-scooter.praktikum-services.ru/api/v1/orders/
Proxy:			<none>
Request params:	<none>
Query params:	<none>
Form params:	<none>
Path params:	<none>
Headers:		Accept=application/json, application/javascript, text/javascript, text/json
				Content-Type=application/json
Cookies:		<none>
Multiparts:		<none>
Body:
{
    "firstName": "Naruto",
    "lastName": "Uchiha",
    "address": "Konoha, 142 apt.",
    "metroStation": 4,
    "phone": "+7 800 355 35 35",
    "rentTime": 5,
    "deliveryDate": "2020-06-06",
    "comment": "Saske, come back to Konoha",
    "color": [
        "BLACK"
    ]
}
Request method:	POST
Request URI:	http://qa-scooter.praktikum-services.ru/api/v1/orders/
Proxy:			<none>
Request params:	<none>
Query params:	<none>
Form params:	<none>
Path params:	<none>
Headers:		Accept=application/json, application/javascript, text/javascript, text/json
				Content-Type=application/json
Cookies:		<none>
Multiparts:		<none>
Body:
{
    "firstName": "Naruto",
    "lastName": "Uchiha",
    "address": "Konoha, 142 apt.",
    "metroStation": 4,
    "phone": "+7 800 355 35 35",
    "rentTime": 5,
    "deliveryDate": "2020-06-06",
    "comment": "Saske, come back to Konoha",
    "color": [
        "BLACK"
    ]
}
Request method:	POST
Request URI:	http://qa-scooter.praktikum-services.ru/api/v1/orders/
Proxy:			<none>
Request params:	<none>
Query params:	<none>
Form params:	<none>
Path params:	<none>
Headers:		Accept=application/json, application/javascript, text/javascript, text/json
				Content-Type=application/json
Cookies:		<none>
Multiparts:		<none>
Body:
{
    "firstName": "Naruto",
    "lastName": "Uchiha",
    "address": "Konoha, 142 apt.",
    "metroStation": 4,
    "phone": "+7 800 355 35 35",
    "rentTime": 5,
    "deliveryDate": "2020-06-06",
    "comment": "Saske, come back to Konoha",
    "color": [
        "BLACK"
    ]
}
Request method:	POST
Request URI:	http://qa-scooter.praktikum-services.ru/api/v1/orders/
Proxy:			<none>
Request params:	<none>
Query params:	<none>
Form params:	<none>
Path params:	<none>
Headers:		Accept=application/json, application/javascript, text/javascript, text/json
				Content-Type=application/json
Cookies:		<none>
Multiparts:		<none>
Body:
{
    "firstName": "Naruto",
    "lastName": "Uchiha",
    "address": "Konoha, 142 apt.",
    "metroStation": 4,
    "phone": "+7 800 355 35 35",
    "rentTime": 5,
    "deliveryDate": "2020-06-06",
    "comment": "Saske, come back to Konoha",
    "color": [
        "BLACK"
    ]
}
Request method:	POST
Request URI:	http://qa-scooter.praktikum-services.ru/api/v1/orders/
Proxy:			<none>
Request params:	<none>
Query params:	<none>
Form params:	<none>
Path params:	<none>
Headers:		Accept=application/json, application/javascript, text/javascript, text/json
				Content-Type=application/json
Cookies:		<none>
Multiparts:		<none>
Body:
{
    "firstName": "Naruto",
    "lastName": "Uchiha",
    "address": "Konoha, 142 apt.",
    "metroStation": 4,
    "phone": "+7 800 355 35 35",
    "rentTime": 5,
    "deliveryDate": "2020-06-06",
    "comment": "Saske, come back to Konoha",
    "color": [
        "BLACK"
    ]
}
Request method:	POST
Request URI:	http://qa-scooter.praktikum-services.ru/api/v1/orders/
Proxy:			<none>
Request params:	<none>
Query params:	<none>
Form params:	<none>
Path params:	<none>
Headers:		Accept=application/json, application/javascript, text/javascript, text/json
				Content-Type=application/json
Cookies:		<none>
Multiparts:		<none>
Body:
{
    "firstName": "Naruto",
    "lastName": "Uchiha",
    "address": "Konoha, 142 apt.",
    "metroStation": 4,
    "phone": "+7 800 355 35 35",
    "rentTime": 5,
    "deliveryDate": "2020-06-06",
    "comment": "Saske, come back to Konoha",
    "color": [
        "BLACK"
    ]
}
Request method:	POST
Request URI:	http://qa-scooter.praktikum-services.ru/api/v1/orders/
Proxy:			<none>
Request params:	<none>
Query params:	<none>
Form params:	<none>
Path params:	<none>
Headers:		Accept=application/json, application/javascript, text/javascript, text/json
				Content-Type=application/json
Cookies:		<none>
Multiparts:		<none>
Body:
{
    "firstName": "Naruto",
    "lastName": "Uchiha",
    "address": "Konoha, 142 apt.",
    "metroStation": 4,
    "phone": "+7 800 355 35 35",
    "rentTime": 5,
    "deliveryDate": "2020-06-06",
    "comment": "Saske, come back to Konoha",
    "color": [
        "BLACK"
    ]
}
Request method:	POST
Request URI:	http://qa-scooter.praktikum-services.ru/api/v1/orders/
Proxy:			<none>
Request params:	<none>
Query params:	<none>
Form params:	<none>
Path params:	<none>
Headers:		Accept=application/json, application/javascript, text/javascript, text/json
				Content-Type=application/json
Cookies:		<none>
Multiparts:		<none>
Body:
{
    "firstName": "Naruto",
    "lastName": "Uchiha",
    "address": "Konoha, 142 apt.",
    "metroStation": 4,
    "phone": "+7 800 355 35 35",
    "rentTime": 5,
    "deliveryDate": "2020-06-06",
    "comment": "Saske, come back to Konoha",
    "color": [
        "BLACK"
    ]
}
Request method:	POST
Request URI:	http://qa-scooter.praktikum-services.ru/api/v1/orders/
Proxy:			<none>
Request params:	<none>
Query params:	<none>
Form params:	<none>
Path params:	<none>
Headers:		Accept=application/json, application/javascript, text/javascript, text/json
				Content-Type=application/json
Cookies:		<none>
Multiparts:		<none>
Body:
{
    "firstName": "Naruto",
    "lastName": "Uchiha",
    "address": "Konoha, 142 apt.",
    "metroStation": 4,
    "phone": "+7 800 355 35 35",
    "rentTime": 5,
    "deliveryDate": "2020-06-06",
    "comment": "Saske, come back to Konoha",
    "color": [
        "BLACK"
    ]
}
Request method:	POST
Request URI:	http://qa-scooter.praktikum-services.ru/api/v1/orders/
Proxy:			<none>
Request params:	<none>
Query params:	<none>
Form params:	<none>
Path params:	<none>
Headers:		Accept=application/json, application/javascript, text/javascript, text/json
				Content-Type=application/json
Cookies:		<none>
Multiparts:		<none>
Body:
{
    "firstName": "Naruto",
    "lastName": "Uchiha",
    "address": "Konoha, 142 apt.",
    "metroStation": 4,
    "phone": "+7 800 355 35 35",
    "rentTime": 5,
    "deliveryDate": "2020-06-06",
    "comment": "Saske, come back to Konoha",
    "color": [
        "BLACK"
    ]
}
Request method:	POST
Request URI:	http://qa-scooter.praktikum-services.ru/api/v1/orders/
Proxy:			<none>
Request params:	<none>
Query params:	<none>
Form params:	<none>
Path params:	<none>
Headers:		Accept=application/json, application/javascript, text/javascript, text/json
				Content-Type=application/json
Cookies:		<none>
Multiparts:		<none>
Body:
{
    "firstName": "Naruto",
    "lastName": "Uchiha",
    "address": "Konoha, 142 apt.",
    "metroStation": 4,
    "phone": "+7 800 355 35 35",
    "rentTime": 5,
    "deliveryDate": "2020-06-06",
    "comment": "Saske, come back to Konoha",
    "color": [
        "BLACK"
    ]
}
Request method:	POST
Request URI:	http://qa-scooter.praktikum-services.ru/api/v1/orders/
Proxy:			<none>
Request params:	<none>
Query params:	<none>
Form params:	<none>
Path params:	<none>
Headers:		Accept=application/json, application/javascript, text/javascript, text/json
				Content-Type=application/json
Cookies:		<none>
Multiparts:		<none>
Body:
{
    "firstName": "Naruto",
    "lastName": "Uchiha",
    "address": "Konoha, 142 apt.",
    "metroStation": 4,
    "phone": "+7 800 355 35 35",
    "rentTime": 5,
    "deliveryDate": "2020-06-06",
    "comment": "Saske, come back to Konoha",
    "color": [
        "BLACK"
    ]
}
Request method:	POST
Request URI:	http://qa-scooter.praktikum-services.ru/api/v1/orders/
Proxy:			<none>
Request params:	<none>
Query params:	<none>
Form params:	<none>
Path params:	<none>
Headers:		Accept=application/json, application/javascript, text/javascript, text/json
				Content-Type=application/json
Cookies:		<none>
Multiparts:		<none>
Body:
{
    "firstName": "Naruto",
    "lastName": "Uchiha",
    "address": "Konoha, 142 apt.",
    "metroStation": 4,
    "phone": "+7 800 355 35 35",
    "rentTime": 5,
    "deliveryDate": "2020-06-06",
    "comment": "Saske, come back to Konoha",
    "color": [
        "BLACK"
    ]
}
Request method:	POST
Request URI:	http://qa-scooter.praktikum-services.ru/api/v1/orders/
Proxy:			<none>
Request params:	<none>
Query params:	<none>
Form params:	<none>
Path params:	<none>
Headers:		Accept=application/json, application/javascript, text/javascript, text/json
				Content-Type=application/json
Cookies:		<none>
Multiparts:		<none>
Body:
{
    "firstName": "Naruto",
    "lastName": "Uchiha",
    "address": "Konoha, 142 apt.",
    "metroStation": 4,
    "phone": "+7 800 355 35 35",
    "rentTime": 5,
    "deliveryDate": "2020-06-06",
    "comment": "Saske, come back to Konoha",
    "color": [
        "BLACK"
    ]
}
Request method:	POST
Request URI:	http://qa-scooter.praktikum-services.ru/api/v1/orders/
Proxy:			<none>
Request params:	<none>
Query params:	<none>
Form params:	<none>
Path params:	<none>
Headers:		Accept=application/json, application/javascript, text/javascript, text/json
				Content-Type=application/json
Cookies:		<none>
Multiparts:		<none>
Body:
{
    "firstName": "Naruto",
    "lastName": "Uchiha",
    "address": "Konoha, 142 apt.",
    "metroStation": 4,
    "phone": "+7 800 355 35 35",
    "rentTime": 5,
    "deliveryDate": "2020-06-06",
    "comment": "Saske, come back to Konoha",
    "color": [
        "BLACK"
    ]
}
Request method:	POST
Request URI:	http://qa-scooter.praktikum-services.ru/api/v1/orders/
Proxy:			<none>
Request params:	<none>
Query params:	<none>
Form params:	<none>
Path params:	<none>
Headers:		Accept=application/json, application/javascript, text/javascript, text/json
				Content-Type=application/json
Cookies:		<none>
Multiparts:		<none>
Body:
{
    "firstName": "Naruto",
    "lastName": "Uchiha",
    "address": "Konoha, 142 apt.",
    "metroStation": 4,
    "phone": "+7 800 355 35 35",
    "rentTime": 5,
    "deliveryDate": "2020-06-06",
    "comment": "Saske, come back to Konoha",
    "color": [
        "BLACK"
    ]
}
HTTP/1.1 201 Created
Access-Control-Allow-Origin: *
Content-Length: 16
Content-Type: application/json; charset=utf-8
Date: Thu, 02 Jun 2022 14:09:37 GMT
ETag: W/"10-uvoPVVtvl1NRpwyGoyFaIo9isY4"
Set-Cookie: _yasc=dayABuHxjsZqjXJR74wdt4UwPymGU5AhZgChkjaZLtQ3aQ==; domain=.praktikum-services.ru; path=/; expires=Sat, 02-Jul-2022 14:09:37 GMT; secure
X-Powered-By: Express
X-Request-Id: 1654178977345392-9043086856998126048

{
    "track": 256204
}
HTTP/1.1 201 Created
Access-Control-Allow-Origin: *
Content-Length: 16
Content-Type: application/json; charset=utf-8
Date: Thu, 02 Jun 2022 14:09:37 GMT
ETag: W/"10-uvoPVVtvl1NRpwyGoyFaIo9isY4"
Set-Cookie: _yasc=dayABuHxjsZqjXJR74wdt4UwPymGU5AhZgChkjaZLtQ3aQ==; domain=.praktikum-services.ru; path=/; expires=Sat, 02-Jul-2022 14:09:37 GMT; secure
X-Powered-By: Express
X-Request-Id: 1654178977345392-9043086856998126048

{
    "track": 256204
}
HTTP/1.1 201 Created
Access-Control-Allow-Origin: *
Content-Length: 16
Content-Type: application/json; charset=utf-8
Date: Thu, 02 Jun 2022 14:09:37 GMT
ETag: W/"10-uvoPVVtvl1NRpwyGoyFaIo9isY4"
Set-Cookie: _yasc=dayABuHxjsZqjXJR74wdt4UwPymGU5AhZgChkjaZLtQ3aQ==; domain=.praktikum-services.ru; path=/; expires=Sat, 02-Jul-2022 14:09:37 GMT; secure
X-Powered-By: Express
X-Request-Id: 1654178977345392-9043086856998126048

{
    "track": 256204
}
HTTP/1.1 201 Created
Access-Control-Allow-Origin: *
Content-Length: 16
Content-Type: application/json; charset=utf-8
Date: Thu, 02 Jun 2022 14:09:37 GMT
ETag: W/"10-uvoPVVtvl1NRpwyGoyFaIo9isY4"
Set-Cookie: _yasc=dayABuHxjsZqjXJR74wdt4UwPymGU5AhZgChkjaZLtQ3aQ==; domain=.praktikum-services.ru; path=/; expires=Sat, 02-Jul-2022 14:09:37 GMT; secure
X-Powered-By: Express
X-Request-Id: 1654178977345392-9043086856998126048

{
    "track": 256204
}
HTTP/1.1 201 Created
Access-Control-Allow-Origin: *
Content-Length: 16
Content-Type: application/json; charset=utf-8
Date: Thu, 02 Jun 2022 14:09:37 GMT
ETag: W/"10-uvoPVVtvl1NRpwyGoyFaIo9isY4"
Set-Cookie: _yasc=dayABuHxjsZqjXJR74wdt4UwPymGU5AhZgChkjaZLtQ3aQ==; domain=.praktikum-services.ru; path=/; expires=Sat, 02-Jul-2022 14:09:37 GMT; secure
X-Powered-By: Express
X-Request-Id: 1654178977345392-9043086856998126048

{
    "track": 256204
}
HTTP/1.1 201 Created
Access-Control-Allow-Origin: *
Content-Length: 16
Content-Type: application/json; charset=utf-8
Date: Thu, 02 Jun 2022 14:09:37 GMT
ETag: W/"10-uvoPVVtvl1NRpwyGoyFaIo9isY4"
Set-Cookie: _yasc=dayABuHxjsZqjXJR74wdt4UwPymGU5AhZgChkjaZLtQ3aQ==; domain=.praktikum-services.ru; path=/; expires=Sat, 02-Jul-2022 14:09:37 GMT; secure
X-Powered-By: Express
X-Request-Id: 1654178977345392-9043086856998126048

{
    "track": 256204
}
HTTP/1.1 201 Created
Access-Control-Allow-Origin: *
Content-Length: 16
Content-Type: application/json; charset=utf-8
Date: Thu, 02 Jun 2022 14:09:37 GMT
ETag: W/"10-uvoPVVtvl1NRpwyGoyFaIo9isY4"
Set-Cookie: _yasc=dayABuHxjsZqjXJR74wdt4UwPymGU5AhZgChkjaZLtQ3aQ==; domain=.praktikum-services.ru; path=/; expires=Sat, 02-Jul-2022 14:09:37 GMT; secure
X-Powered-By: Express
X-Request-Id: 1654178977345392-9043086856998126048

{
    "track": 256204
}
HTTP/1.1 201 Created
Access-Control-Allow-Origin: *
Content-Length: 16
Content-Type: application/json; charset=utf-8
Date: Thu, 02 Jun 2022 14:09:37 GMT
ETag: W/"10-uvoPVVtvl1NRpwyGoyFaIo9isY4"
Set-Cookie: _yasc=dayABuHxjsZqjXJR74wdt4UwPymGU5AhZgChkjaZLtQ3aQ==; domain=.praktikum-services.ru; path=/; expires=Sat, 02-Jul-2022 14:09:37 GMT; secure
X-Powered-By: Express
X-Request-Id: 1654178977345392-9043086856998126048

{
    "track": 256204
}
HTTP/1.1 201 Created
Access-Control-Allow-Origin: *
Content-Length: 16
Content-Type: application/json; charset=utf-8
Date: Thu, 02 Jun 2022 14:09:37 GMT
ETag: W/"10-uvoPVVtvl1NRpwyGoyFaIo9isY4"
Set-Cookie: _yasc=dayABuHxjsZqjXJR74wdt4UwPymGU5AhZgChkjaZLtQ3aQ==; domain=.praktikum-services.ru; path=/; expires=Sat, 02-Jul-2022 14:09:37 GMT; secure
X-Powered-By: Express
X-Request-Id: 1654178977345392-9043086856998126048

{
    "track": 256204
}
HTTP/1.1 201 Created
Access-Control-Allow-Origin: *
Content-Length: 16
Content-Type: application/json; charset=utf-8
Date: Thu, 02 Jun 2022 14:09:37 GMT
ETag: W/"10-uvoPVVtvl1NRpwyGoyFaIo9isY4"
Set-Cookie: _yasc=dayABuHxjsZqjXJR74wdt4UwPymGU5AhZgChkjaZLtQ3aQ==; domain=.praktikum-services.ru; path=/; expires=Sat, 02-Jul-2022 14:09:37 GMT; secure
X-Powered-By: Express
X-Request-Id: 1654178977345392-9043086856998126048

{
    "track": 256204
}
HTTP/1.1 201 Created
Access-Control-Allow-Origin: *
Content-Length: 16
Content-Type: application/json; charset=utf-8
Date: Thu, 02 Jun 2022 14:09:37 GMT
ETag: W/"10-uvoPVVtvl1NRpwyGoyFaIo9isY4"
Set-Cookie: _yasc=dayABuHxjsZqjXJR74wdt4UwPymGU5AhZgChkjaZLtQ3aQ==; domain=.praktikum-services.ru; path=/; expires=Sat, 02-Jul-2022 14:09:37 GMT; secure
X-Powered-By: Express
X-Request-Id: 1654178977345392-9043086856998126048

{
    "track": 256204
}
HTTP/1.1 201 Created
Access-Control-Allow-Origin: *
Content-Length: 16
Content-Type: application/json; charset=utf-8
Date: Thu, 02 Jun 2022 14:09:37 GMT
ETag: W/"10-uvoPVVtvl1NRpwyGoyFaIo9isY4"
Set-Cookie: _yasc=dayABuHxjsZqjXJR74wdt4UwPymGU5AhZgChkjaZLtQ3aQ==; domain=.praktikum-services.ru; path=/; expires=Sat, 02-Jul-2022 14:09:37 GMT; secure
X-Powered-By: Express
X-Request-Id: 1654178977345392-9043086856998126048

{
    "track": 256204
}
HTTP/1.1 201 Created
Access-Control-Allow-Origin: *
Content-Length: 16
Content-Type: application/json; charset=utf-8
Date: Thu, 02 Jun 2022 14:09:37 GMT
ETag: W/"10-uvoPVVtvl1NRpwyGoyFaIo9isY4"
Set-Cookie: _yasc=dayABuHxjsZqjXJR74wdt4UwPymGU5AhZgChkjaZLtQ3aQ==; domain=.praktikum-services.ru; path=/; expires=Sat, 02-Jul-2022 14:09:37 GMT; secure
X-Powered-By: Express
X-Request-Id: 1654178977345392-9043086856998126048

{
    "track": 256204
}
HTTP/1.1 201 Created
Access-Control-Allow-Origin: *
Content-Length: 16
Content-Type: application/json; charset=utf-8
Date: Thu, 02 Jun 2022 14:09:37 GMT
ETag: W/"10-uvoPVVtvl1NRpwyGoyFaIo9isY4"
Set-Cookie: _yasc=dayABuHxjsZqjXJR74wdt4UwPymGU5AhZgChkjaZLtQ3aQ==; domain=.praktikum-services.ru; path=/; expires=Sat, 02-Jul-2022 14:09:37 GMT; secure
X-Powered-By: Express
X-Request-Id: 1654178977345392-9043086856998126048

{
    "track": 256204
}
HTTP/1.1 201 Created
Access-Control-Allow-Origin: *
Content-Length: 16
Content-Type: application/json; charset=utf-8
Date: Thu, 02 Jun 2022 14:09:37 GMT
ETag: W/"10-uvoPVVtvl1NRpwyGoyFaIo9isY4"
Set-Cookie: _yasc=dayABuHxjsZqjXJR74wdt4UwPymGU5AhZgChkjaZLtQ3aQ==; domain=.praktikum-services.ru; path=/; expires=Sat, 02-Jul-2022 14:09:37 GMT; secure
X-Powered-By: Express
X-Request-Id: 1654178977345392-9043086856998126048

{
    "track": 256204
}
HTTP/1.1 201 Created
Access-Control-Allow-Origin: *
Content-Length: 16
Content-Type: application/json; charset=utf-8
Date: Thu, 02 Jun 2022 14:09:37 GMT
ETag: W/"10-uvoPVVtvl1NRpwyGoyFaIo9isY4"
Set-Cookie: _yasc=dayABuHxjsZqjXJR74wdt4UwPymGU5AhZgChkjaZLtQ3aQ==; domain=.praktikum-services.ru; path=/; expires=Sat, 02-Jul-2022 14:09:37 GMT; secure
X-Powered-By: Express
X-Request-Id: 1654178977345392-9043086856998126048

{
    "track": 256204
}
HTTP/1.1 201 Created
Access-Control-Allow-Origin: *
Content-Length: 16
Content-Type: application/json; charset=utf-8
Date: Thu, 02 Jun 2022 14:09:37 GMT
ETag: W/"10-uvoPVVtvl1NRpwyGoyFaIo9isY4"
Set-Cookie: _yasc=dayABuHxjsZqjXJR74wdt4UwPymGU5AhZgChkjaZLtQ3aQ==; domain=.praktikum-services.ru; path=/; expires=Sat, 02-Jul-2022 14:09:37 GMT; secure
X-Powered-By: Express
X-Request-Id: 1654178977345392-9043086856998126048

{
    "track": 256204
}
HTTP/1.1 201 Created
Access-Control-Allow-Origin: *
Content-Length: 16
Content-Type: application/json; charset=utf-8
Date: Thu, 02 Jun 2022 14:09:37 GMT
ETag: W/"10-uvoPVVtvl1NRpwyGoyFaIo9isY4"
Set-Cookie: _yasc=dayABuHxjsZqjXJR74wdt4UwPymGU5AhZgChkjaZLtQ3aQ==; domain=.praktikum-services.ru; path=/; expires=Sat, 02-Jul-2022 14:09:37 GMT; secure
X-Powered-By: Express
X-Request-Id: 1654178977345392-9043086856998126048

{
    "track": 256204
}
HTTP/1.1 201 Created
Access-Control-Allow-Origin: *
Content-Length: 16
Content-Type: application/json; charset=utf-8
Date: Thu, 02 Jun 2022 14:09:37 GMT
ETag: W/"10-uvoPVVtvl1NRpwyGoyFaIo9isY4"
Set-Cookie: _yasc=dayABuHxjsZqjXJR74wdt4UwPymGU5AhZgChkjaZLtQ3aQ==; domain=.praktikum-services.ru; path=/; expires=Sat, 02-Jul-2022 14:09:37 GMT; secure
X-Powered-By: Express
X-Request-Id: 1654178977345392-9043086856998126048

{
    "track": 256204
}
HTTP/1.1 201 Created
Access-Control-Allow-Origin: *
Content-Length: 16
Content-Type: application/json; charset=utf-8
Date: Thu, 02 Jun 2022 14:09:37 GMT
ETag: W/"10-uvoPVVtvl1NRpwyGoyFaIo9isY4"
Set-Cookie: _yasc=dayABuHxjsZqjXJR74wdt4UwPymGU5AhZgChkjaZLtQ3aQ==; domain=.praktikum-services.ru; path=/; expires=Sat, 02-Jul-2022 14:09:37 GMT; secure
X-Powered-By: Express
X-Request-Id: 1654178977345392-9043086856998126048

{
    "track": 256204
}
HTTP/1.1 201 Created
Access-Control-Allow-Origin: *
Content-Length: 16
Content-Type: application/json; charset=utf-8
Date: Thu, 02 Jun 2022 14:09:37 GMT
ETag: W/"10-uvoPVVtvl1NRpwyGoyFaIo9isY4"
Set-Cookie: _yasc=dayABuHxjsZqjXJR74wdt4UwPymGU5AhZgChkjaZLtQ3aQ==; domain=.praktikum-services.ru; path=/; expires=Sat, 02-Jul-2022 14:09:37 GMT; secure
X-Powered-By: Express
X-Request-Id: 1654178977345392-9043086856998126048

{
    "track": 256204
}
HTTP/1.1 201 Created
Access-Control-Allow-Origin: *
Content-Length: 16
Content-Type: application/json; charset=utf-8
Date: Thu, 02 Jun 2022 14:09:37 GMT
ETag: W/"10-uvoPVVtvl1NRpwyGoyFaIo9isY4"
Set-Cookie: _yasc=dayABuHxjsZqjXJR74wdt4UwPymGU5AhZgChkjaZLtQ3aQ==; domain=.praktikum-services.ru; path=/; expires=Sat, 02-Jul-2022 14:09:37 GMT; secure
X-Powered-By: Express
X-Request-Id: 1654178977345392-9043086856998126048

{
    "track": 256204
}
Request method:	GET
Request URI:	http://qa-scooter.praktikum-services.ru/api/v1/orders/
Proxy:			<none>
Request params:	<none>
Query params:	<none>
Form params:	<none>
Path params:	<none>
Headers:		Accept=application/json, application/javascript, text/javascript, text/json
				Content-Type=application/json
Cookies:		<none>
Multiparts:		<none>
Body:			<none>
Request method:	GET
Request URI:	http://qa-scooter.praktikum-services.ru/api/v1/orders/
Proxy:			<none>
Request params:	<none>
Query params:	<none>
Form params:	<none>
Path params:	<none>
Headers:		Accept=application/json, application/javascript, text/javascript, text/json
				Content-Type=application/json
Cookies:		<none>
Multiparts:		<none>
Body:			<none>
Request method:	GET
Request URI:	http://qa-scooter.praktikum-services.ru/api/v1/orders/
Proxy:			<none>
Request params:	<none>
Query params:	<none>
Form params:	<none>
Path params:	<none>
Headers:		Accept=application/json, application/javascript, text/javascript, text/json
				Content-Type=application/json
Cookies:		<none>
Multiparts:		<none>
Body:			<none>
Request method:	GET
Request URI:	http://qa-scooter.praktikum-services.ru/api/v1/orders/
Proxy:			<none>
Request params:	<none>
Query params:	<none>
Form params:	<none>
Path params:	<none>
Headers:		Accept=application/json, application/javascript, text/javascript, text/json
				Content-Type=application/json
Cookies:		<none>
Multiparts:		<none>
Body:			<none>
Request method:	GET
Request URI:	http://qa-scooter.praktikum-services.ru/api/v1/orders/
Proxy:			<none>
Request params:	<none>
Query params:	<none>
Form params:	<none>
Path params:	<none>
Headers:		Accept=application/json, application/javascript, text/javascript, text/json
				Content-Type=application/json
Cookies:		<none>
Multiparts:		<none>
Body:			<none>
Request method:	GET
Request URI:	http://qa-scooter.praktikum-services.ru/api/v1/orders/
Proxy:			<none>
Request params:	<none>
Query params:	<none>
Form params:	<none>
Path params:	<none>
Headers:		Accept=application/json, application/javascript, text/javascript, text/json
				Content-Type=application/json
Cookies:		<none>
Multiparts:		<none>
Body:			<none>
Request method:	GET
Request URI:	http://qa-scooter.praktikum-services.ru/api/v1/orders/
Proxy:			<none>
Request params:	<none>
Query params:	<none>
Form params:	<none>
Path params:	<none>
Headers:		Accept=application/json, application/javascript, text/javascript, text/json
				Content-Type=application/json
Cookies:		<none>
Multiparts:		<none>
Body:			<none>
Request method:	GET
Request URI:	http://qa-scooter.praktikum-services.ru/api/v1/orders/
Proxy:			<none>
Request params:	<none>
Query params:	<none>
Form params:	<none>
Path params:	<none>
Headers:		Accept=application/json, application/javascript, text/javascript, text/json
				Content-Type=application/json
Cookies:		<none>
Multiparts:		<none>
Body:			<none>
Request method:	GET
Request URI:	http://qa-scooter.praktikum-services.ru/api/v1/orders/
Proxy:			<none>
Request params:	<none>
Query params:	<none>
Form params:	<none>
Path params:	<none>
Headers:		Accept=application/json, application/javascript, text/javascript, text/json
				Content-Type=application/json
Cookies:		<none>
Multiparts:		<none>
Body:			<none>
Request method:	GET
Request URI:	http://qa-scooter.praktikum-services.ru/api/v1/orders/
Proxy:			<none>
Request params:	<none>
Query params:	<none>
Form params:	<none>
Path params:	<none>
Headers:		Accept=application/json, application/javascript, text/javascript, text/json
				Content-Type=application/json
Cookies:		<none>
Multiparts:		<none>
Body:			<none>
Request method:	GET
Request URI:	http://qa-scooter.praktikum-services.ru/api/v1/orders/
Proxy:			<none>
Request params:	<none>
Query params:	<none>
Form params:	<none>
Path params:	<none>
Headers:		Accept=application/json, application/javascript, text/javascript, text/json
				Content-Type=application/json
Cookies:		<none>
Multiparts:		<none>
Body:			<none>
Request method:	GET
Request URI:	http://qa-scooter.praktikum-services.ru/api/v1/orders/
Proxy:			<none>
Request params:	<none>
Query params:	<none>
Form params:	<none>
Path params:	<none>
Headers:		Accept=application/json, application/javascript, text/javascript, text/json
				Content-Type=application/json
Cookies:		<none>
Multiparts:		<none>
Body:			<none>
Request method:	GET
Request URI:	http://qa-scooter.praktikum-services.ru/api/v1/orders/
Proxy:			<none>
Request params:	<none>
Query params:	<none>
Form params:	<none>
Path params:	<none>
Headers:		Accept=application/json, application/javascript, text/javascript, text/json
				Content-Type=application/json
Cookies:		<none>
Multiparts:		<none>
Body:			<none>
Request method:	GET
Request URI:	http://qa-scooter.praktikum-services.ru/api/v1/orders/
Proxy:			<none>
Request params:	<none>
Query params:	<none>
Form params:	<none>
Path params:	<none>
Headers:		Accept=application/json, application/javascript, text/javascript, text/json
				Content-Type=application/json
Cookies:		<none>
Multiparts:		<none>
Body:			<none>
Request method:	GET
Request URI:	http://qa-scooter.praktikum-services.ru/api/v1/orders/
Proxy:			<none>
Request params:	<none>
Query params:	<none>
Form params:	<none>
Path params:	<none>
Headers:		Accept=application/json, application/javascript, text/javascript, text/json
				Content-Type=application/json
Cookies:		<none>
Multiparts:		<none>
Body:			<none>
Request method:	GET
Request URI:	http://qa-scooter.praktikum-services.ru/api/v1/orders/
Proxy:			<none>
Request params:	<none>
Query params:	<none>
Form params:	<none>
Path params:	<none>
Headers:		Accept=application/json, application/javascript, text/javascript, text/json
				Content-Type=application/json
Cookies:		<none>
Multiparts:		<none>
Body:			<none>
Request method:	GET
Request URI:	http://qa-scooter.praktikum-services.ru/api/v1/orders/
Proxy:			<none>
Request params:	<none>
Query params:	<none>
Form params:	<none>
Path params:	<none>
Headers:		Accept=application/json, application/javascript, text/javascript, text/json
				Content-Type=application/json
Cookies:		<none>
Multiparts:		<none>
Body:			<none>
Request method:	GET
Request URI:	http://qa-scooter.praktikum-services.ru/api/v1/orders/
Proxy:			<none>
Request params:	<none>
Query params:	<none>
Form params:	<none>
Path params:	<none>
Headers:		Accept=application/json, application/javascript, text/javascript, text/json
				Content-Type=application/json
Cookies:		<none>
Multiparts:		<none>
Body:			<none>
Request method:	GET
Request URI:	http://qa-scooter.praktikum-services.ru/api/v1/orders/
Proxy:			<none>
Request params:	<none>
Query params:	<none>
Form params:	<none>
Path params:	<none>
Headers:		Accept=application/json, application/javascript, text/javascript, text/json
				Content-Type=application/json
Cookies:		<none>
Multiparts:		<none>
Body:			<none>
Request method:	GET
Request URI:	http://qa-scooter.praktikum-services.ru/api/v1/orders/
Proxy:			<none>
Request params:	<none>
Query params:	<none>
Form params:	<none>
Path params:	<none>
Headers:		Accept=application/json, application/javascript, text/javascript, text/json
				Content-Type=application/json
Cookies:		<none>
Multiparts:		<none>
Body:			<none>
Request method:	GET
Request URI:	http://qa-scooter.praktikum-services.ru/api/v1/orders/
Proxy:			<none>
Request params:	<none>
Query params:	<none>
Form params:	<none>
Path params:	<none>
Headers:		Accept=application/json, application/javascript, text/javascript, text/json
				Content-Type=application/json
Cookies:		<none>
Multiparts:		<none>
Body:			<none>
Request method:	GET
Request URI:	http://qa-scooter.praktikum-services.ru/api/v1/orders/
Proxy:			<none>
Request params:	<none>
Query params:	<none>
Form params:	<none>
Path params:	<none>
Headers:		Accept=application/json, application/javascript, text/javascript, text/json
				Content-Type=application/json
Cookies:		<none>
Multiparts:		<none>
Body:			<none>
Request method:	GET
Request URI:	http://qa-scooter.praktikum-services.ru/api/v1/orders/
Proxy:			<none>
Request params:	<none>
Query params:	<none>
Form params:	<none>
Path params:	<none>
Headers:		Accept=application/json, application/javascript, text/javascript, text/json
				Content-Type=application/json
Cookies:		<none>
Multiparts:		<none>
Body:			<none>
Request method:	PUT
Request URI:	http://qa-scooter.praktikum-services.ru/api/v1/orders/cancel?track=256204
Proxy:			<none>
Request params:	<none>
Query params:	<none>
Form params:	<none>
Path params:	<none>
Headers:		Accept=application/json, application/javascript, text/javascript, text/json
				Content-Type=application/json
Cookies:		<none>
Multiparts:		<none>
Body:			<none>
Request method:	PUT
Request URI:	http://qa-scooter.praktikum-services.ru/api/v1/orders/cancel?track=256204
Proxy:			<none>
Request params:	<none>
Query params:	<none>
Form params:	<none>
Path params:	<none>
Headers:		Accept=application/json, application/javascript, text/javascript, text/json
				Content-Type=application/json
Cookies:		<none>
Multiparts:		<none>
Body:			<none>
Request method:	PUT
Request URI:	http://qa-scooter.praktikum-services.ru/api/v1/orders/cancel?track=256204
Proxy:			<none>
Request params:	<none>
Query params:	<none>
Form params:	<none>
Path params:	<none>
Headers:		Accept=application/json, application/javascript, text/javascript, text/json
				Content-Type=application/json
Cookies:		<none>
Multiparts:		<none>
Body:			<none>
Request method:	PUT
Request URI:	http://qa-scooter.praktikum-services.ru/api/v1/orders/cancel?track=256204
Proxy:			<none>
Request params:	<none>
Query params:	<none>
Form params:	<none>
Path params:	<none>
Headers:		Accept=application/json, application/javascript, text/javascript, text/json
				Content-Type=application/json
Cookies:		<none>
Multiparts:		<none>
Body:			<none>
Request method:	PUT
Request URI:	http://qa-scooter.praktikum-services.ru/api/v1/orders/cancel?track=256204
Proxy:			<none>
Request params:	<none>
Query params:	<none>
Form params:	<none>
Path params:	<none>
Headers:		Accept=application/json, application/javascript, text/javascript, text/json
				Content-Type=application/json
Cookies:		<none>
Multiparts:		<none>
Body:			<none>
Request method:	PUT
Request URI:	http://qa-scooter.praktikum-services.ru/api/v1/orders/cancel?track=256204
Proxy:			<none>
Request params:	<none>
Query params:	<none>
Form params:	<none>
Path params:	<none>
Headers:		Accept=application/json, application/javascript, text/javascript, text/json
				Content-Type=application/json
Cookies:		<none>
Multiparts:		<none>
Body:			<none>
Request method:	PUT
Request URI:	http://qa-scooter.praktikum-services.ru/api/v1/orders/cancel?track=256204
Proxy:			<none>
Request params:	<none>
Query params:	<none>
Form params:	<none>
Path params:	<none>
Headers:		Accept=application/json, application/javascript, text/javascript, text/json
				Content-Type=application/json
Cookies:		<none>
Multiparts:		<none>
Body:			<none>
Request method:	PUT
Request URI:	http://qa-scooter.praktikum-services.ru/api/v1/orders/cancel?track=256204
Proxy:			<none>
Request params:	<none>
Query params:	<none>
Form params:	<none>
Path params:	<none>
Headers:		Accept=application/json, application/javascript, text/javascript, text/json
				Content-Type=application/json
Cookies:		<none>
Multiparts:		<none>
Body:			<none>
Request method:	PUT
Request URI:	http://qa-scooter.praktikum-services.ru/api/v1/orders/cancel?track=256204
Proxy:			<none>
Request params:	<none>
Query params:	<none>
Form params:	<none>
Path params:	<none>
Headers:		Accept=application/json, application/javascript, text/javascript, text/json
				Content-Type=application/json
Cookies:		<none>
Multiparts:		<none>
Body:			<none>
Request method:	PUT
Request URI:	http://qa-scooter.praktikum-services.ru/api/v1/orders/cancel?track=256204
Proxy:			<none>
Request params:	<none>
Query params:	<none>
Form params:	<none>
Path params:	<none>
Headers:		Accept=application/json, application/javascript, text/javascript, text/json
				Content-Type=application/json
Cookies:		<none>
Multiparts:		<none>
Body:			<none>
Request method:	PUT
Request URI:	http://qa-scooter.praktikum-services.ru/api/v1/orders/cancel?track=256204
Proxy:			<none>
Request params:	<none>
Query params:	<none>
Form params:	<none>
Path params:	<none>
Headers:		Accept=application/json, application/javascript, text/javascript, text/json
				Content-Type=application/json
Cookies:		<none>
Multiparts:		<none>
Body:			<none>
Request method:	PUT
Request URI:	http://qa-scooter.praktikum-services.ru/api/v1/orders/cancel?track=256204
Proxy:			<none>
Request params:	<none>
Query params:	<none>
Form params:	<none>
Path params:	<none>
Headers:		Accept=application/json, application/javascript, text/javascript, text/json
				Content-Type=application/json
Cookies:		<none>
Multiparts:		<none>
Body:			<none>
Request method:	PUT
Request URI:	http://qa-scooter.praktikum-services.ru/api/v1/orders/cancel?track=256204
Proxy:			<none>
Request params:	<none>
Query params:	<none>
Form params:	<none>
Path params:	<none>
Headers:		Accept=application/json, application/javascript, text/javascript, text/json
				Content-Type=application/json
Cookies:		<none>
Multiparts:		<none>
Body:			<none>
Request method:	PUT
Request URI:	http://qa-scooter.praktikum-services.ru/api/v1/orders/cancel?track=256204
Proxy:			<none>
Request params:	<none>
Query params:	<none>
Form params:	<none>
Path params:	<none>
Headers:		Accept=application/json, application/javascript, text/javascript, text/json
				Content-Type=application/json
Cookies:		<none>
Multiparts:		<none>
Body:			<none>
Request method:	PUT
Request URI:	http://qa-scooter.praktikum-services.ru/api/v1/orders/cancel?track=256204
Proxy:			<none>
Request params:	<none>
Query params:	<none>
Form params:	<none>
Path params:	<none>
Headers:		Accept=application/json, application/javascript, text/javascript, text/json
				Content-Type=application/json
Cookies:		<none>
Multiparts:		<none>
Body:			<none>
Request method:	PUT
Request URI:	http://qa-scooter.praktikum-services.ru/api/v1/orders/cancel?track=256204
Proxy:			<none>
Request params:	<none>
Query params:	<none>
Form params:	<none>
Path params:	<none>
Headers:		Accept=application/json, application/javascript, text/javascript, text/json
				Content-Type=application/json
Cookies:		<none>
Multiparts:		<none>
Body:			<none>
Request method:	PUT
Request URI:	http://qa-scooter.praktikum-services.ru/api/v1/orders/cancel?track=256204
Proxy:			<none>
Request params:	<none>
Query params:	<none>
Form params:	<none>
Path params:	<none>
Headers:		Accept=application/json, application/javascript, text/javascript, text/json
				Content-Type=application/json
Cookies:		<none>
Multiparts:		<none>
Body:			<none>
Request method:	PUT
Request URI:	http://qa-scooter.praktikum-services.ru/api/v1/orders/cancel?track=256204
Proxy:			<none>
Request params:	<none>
Query params:	<none>
Form params:	<none>
Path params:	<none>
Headers:		Accept=application/json, application/javascript, text/javascript, text/json
				Content-Type=application/json
Cookies:		<none>
Multiparts:		<none>
Body:			<none>
Request method:	PUT
Request URI:	http://qa-scooter.praktikum-services.ru/api/v1/orders/cancel?track=256204
Proxy:			<none>
Request params:	<none>
Query params:	<none>
Form params:	<none>
Path params:	<none>
Headers:		Accept=application/json, application/javascript, text/javascript, text/json
				Content-Type=application/json
Cookies:		<none>
Multiparts:		<none>
Body:			<none>
Request method:	PUT
Request URI:	http://qa-scooter.praktikum-services.ru/api/v1/orders/cancel?track=256204
Proxy:			<none>
Request params:	<none>
Query params:	<none>
Form params:	<none>
Path params:	<none>
Headers:		Accept=application/json, application/javascript, text/javascript, text/json
				Content-Type=application/json
Cookies:		<none>
Multiparts:		<none>
Body:			<none>
Request method:	PUT
Request URI:	http://qa-scooter.praktikum-services.ru/api/v1/orders/cancel?track=256204
Proxy:			<none>
Request params:	<none>
Query params:	<none>
Form params:	<none>
Path params:	<none>
Headers:		Accept=application/json, application/javascript, text/javascript, text/json
				Content-Type=application/json
Cookies:		<none>
Multiparts:		<none>
Body:			<none>
Request method:	PUT
Request URI:	http://qa-scooter.praktikum-services.ru/api/v1/orders/cancel?track=256204
Proxy:			<none>
Request params:	<none>
Query params:	<none>
Form params:	<none>
Path params:	<none>
Headers:		Accept=application/json, application/javascript, text/javascript, text/json
				Content-Type=application/json
Cookies:		<none>
Multiparts:		<none>
Body:			<none>
Request method:	PUT
Request URI:	http://qa-scooter.praktikum-services.ru/api/v1/orders/cancel?track=256204
Proxy:			<none>
Request params:	<none>
Query params:	<none>
Form params:	<none>
Path params:	<none>
Headers:		Accept=application/json, application/javascript, text/javascript, text/json
				Content-Type=application/json
Cookies:		<none>
Multiparts:		<none>
Body:			<none>
Request method:	PUT
Request URI:	http://qa-scooter.praktikum-services.ru/api/v1/orders/cancel?track=256204
Proxy:			<none>
Request params:	<none>
Query params:	<none>
Form params:	<none>
Path params:	<none>
Headers:		Accept=application/json, application/javascript, text/javascript, text/json
				Content-Type=application/json
Cookies:		<none>
Multiparts:		<none>
Body:			<none>
HTTP/1.1 200 OK
Access-Control-Allow-Origin: *
Content-Length: 11
Content-Type: application/json; charset=utf-8
Date: Thu, 02 Jun 2022 14:09:40 GMT
ETag: W/"b-Ai2R8hgEarLmHKwesT1qcY913ys"
Set-Cookie: _yasc=SmIp44cSKwM+TA8lzAi/wFLLAglzTckUGF57iXBPERB/bw==; domain=.praktikum-services.ru; path=/; expires=Sat, 02-Jul-2022 14:09:40 GMT; secure
X-Powered-By: Express
X-Request-Id: 1654178980570811-6317051194347082655

{
    "ok": true
}
HTTP/1.1 200 OK
Access-Control-Allow-Origin: *
Content-Length: 11
Content-Type: application/json; charset=utf-8
Date: Thu, 02 Jun 2022 14:09:40 GMT
ETag: W/"b-Ai2R8hgEarLmHKwesT1qcY913ys"
Set-Cookie: _yasc=SmIp44cSKwM+TA8lzAi/wFLLAglzTckUGF57iXBPERB/bw==; domain=.praktikum-services.ru; path=/; expires=Sat, 02-Jul-2022 14:09:40 GMT; secure
X-Powered-By: Express
X-Request-Id: 1654178980570811-6317051194347082655

{
    "ok": true
}
HTTP/1.1 200 OK
Access-Control-Allow-Origin: *
Content-Length: 11
Content-Type: application/json; charset=utf-8
Date: Thu, 02 Jun 2022 14:09:40 GMT
ETag: W/"b-Ai2R8hgEarLmHKwesT1qcY913ys"
Set-Cookie: _yasc=SmIp44cSKwM+TA8lzAi/wFLLAglzTckUGF57iXBPERB/bw==; domain=.praktikum-services.ru; path=/; expires=Sat, 02-Jul-2022 14:09:40 GMT; secure
X-Powered-By: Express
X-Request-Id: 1654178980570811-6317051194347082655

{
    "ok": true
}
HTTP/1.1 200 OK
Access-Control-Allow-Origin: *
Content-Length: 11
Content-Type: application/json; charset=utf-8
Date: Thu, 02 Jun 2022 14:09:40 GMT
ETag: W/"b-Ai2R8hgEarLmHKwesT1qcY913ys"
Set-Cookie: _yasc=SmIp44cSKwM+TA8lzAi/wFLLAglzTckUGF57iXBPERB/bw==; domain=.praktikum-services.ru; path=/; expires=Sat, 02-Jul-2022 14:09:40 GMT; secure
X-Powered-By: Express
X-Request-Id: 1654178980570811-6317051194347082655

{
    "ok": true
}
HTTP/1.1 200 OK
Access-Control-Allow-Origin: *
Content-Length: 11
Content-Type: application/json; charset=utf-8
Date: Thu, 02 Jun 2022 14:09:40 GMT
ETag: W/"b-Ai2R8hgEarLmHKwesT1qcY913ys"
Set-Cookie: _yasc=SmIp44cSKwM+TA8lzAi/wFLLAglzTckUGF57iXBPERB/bw==; domain=.praktikum-services.ru; path=/; expires=Sat, 02-Jul-2022 14:09:40 GMT; secure
X-Powered-By: Express
X-Request-Id: 1654178980570811-6317051194347082655

{
    "ok": true
}
HTTP/1.1 200 OK
Access-Control-Allow-Origin: *
Content-Length: 11
Content-Type: application/json; charset=utf-8
Date: Thu, 02 Jun 2022 14:09:40 GMT
ETag: W/"b-Ai2R8hgEarLmHKwesT1qcY913ys"
Set-Cookie: _yasc=SmIp44cSKwM+TA8lzAi/wFLLAglzTckUGF57iXBPERB/bw==; domain=.praktikum-services.ru; path=/; expires=Sat, 02-Jul-2022 14:09:40 GMT; secure
X-Powered-By: Express
X-Request-Id: 1654178980570811-6317051194347082655

{
    "ok": true
}
HTTP/1.1 200 OK
Access-Control-Allow-Origin: *
Content-Length: 11
Content-Type: application/json; charset=utf-8
Date: Thu, 02 Jun 2022 14:09:40 GMT
ETag: W/"b-Ai2R8hgEarLmHKwesT1qcY913ys"
Set-Cookie: _yasc=SmIp44cSKwM+TA8lzAi/wFLLAglzTckUGF57iXBPERB/bw==; domain=.praktikum-services.ru; path=/; expires=Sat, 02-Jul-2022 14:09:40 GMT; secure
X-Powered-By: Express
X-Request-Id: 1654178980570811-6317051194347082655

{
    "ok": true
}
HTTP/1.1 200 OK
Access-Control-Allow-Origin: *
Content-Length: 11
Content-Type: application/json; charset=utf-8
Date: Thu, 02 Jun 2022 14:09:40 GMT
ETag: W/"b-Ai2R8hgEarLmHKwesT1qcY913ys"
Set-Cookie: _yasc=SmIp44cSKwM+TA8lzAi/wFLLAglzTckUGF57iXBPERB/bw==; domain=.praktikum-services.ru; path=/; expires=Sat, 02-Jul-2022 14:09:40 GMT; secure
X-Powered-By: Express
X-Request-Id: 1654178980570811-6317051194347082655

{
    "ok": true
}
HTTP/1.1 200 OK
Access-Control-Allow-Origin: *
Content-Length: 11
Content-Type: application/json; charset=utf-8
Date: Thu, 02 Jun 2022 14:09:40 GMT
ETag: W/"b-Ai2R8hgEarLmHKwesT1qcY913ys"
Set-Cookie: _yasc=SmIp44cSKwM+TA8lzAi/wFLLAglzTckUGF57iXBPERB/bw==; domain=.praktikum-services.ru; path=/; expires=Sat, 02-Jul-2022 14:09:40 GMT; secure
X-Powered-By: Express
X-Request-Id: 1654178980570811-6317051194347082655

{
    "ok": true
}
HTTP/1.1 200 OK
Access-Control-Allow-Origin: *
Content-Length: 11
Content-Type: application/json; charset=utf-8
Date: Thu, 02 Jun 2022 14:09:40 GMT
ETag: W/"b-Ai2R8hgEarLmHKwesT1qcY913ys"
Set-Cookie: _yasc=SmIp44cSKwM+TA8lzAi/wFLLAglzTckUGF57iXBPERB/bw==; domain=.praktikum-services.ru; path=/; expires=Sat, 02-Jul-2022 14:09:40 GMT; secure
X-Powered-By: Express
X-Request-Id: 1654178980570811-6317051194347082655

{
    "ok": true
}
HTTP/1.1 200 OK
Access-Control-Allow-Origin: *
Content-Length: 11
Content-Type: application/json; charset=utf-8
Date: Thu, 02 Jun 2022 14:09:40 GMT
ETag: W/"b-Ai2R8hgEarLmHKwesT1qcY913ys"
Set-Cookie: _yasc=SmIp44cSKwM+TA8lzAi/wFLLAglzTckUGF57iXBPERB/bw==; domain=.praktikum-services.ru; path=/; expires=Sat, 02-Jul-2022 14:09:40 GMT; secure
X-Powered-By: Express
X-Request-Id: 1654178980570811-6317051194347082655

{
    "ok": true
}
HTTP/1.1 200 OK
Access-Control-Allow-Origin: *
Content-Length: 11
Content-Type: application/json; charset=utf-8
Date: Thu, 02 Jun 2022 14:09:40 GMT
ETag: W/"b-Ai2R8hgEarLmHKwesT1qcY913ys"
Set-Cookie: _yasc=SmIp44cSKwM+TA8lzAi/wFLLAglzTckUGF57iXBPERB/bw==; domain=.praktikum-services.ru; path=/; expires=Sat, 02-Jul-2022 14:09:40 GMT; secure
X-Powered-By: Express
X-Request-Id: 1654178980570811-6317051194347082655

{
    "ok": true
}
HTTP/1.1 200 OK
Access-Control-Allow-Origin: *
Content-Length: 11
Content-Type: application/json; charset=utf-8
Date: Thu, 02 Jun 2022 14:09:40 GMT
ETag: W/"b-Ai2R8hgEarLmHKwesT1qcY913ys"
Set-Cookie: _yasc=SmIp44cSKwM+TA8lzAi/wFLLAglzTckUGF57iXBPERB/bw==; domain=.praktikum-services.ru; path=/; expires=Sat, 02-Jul-2022 14:09:40 GMT; secure
X-Powered-By: Express
X-Request-Id: 1654178980570811-6317051194347082655

{
    "ok": true
}
HTTP/1.1 200 OK
Access-Control-Allow-Origin: *
Content-Length: 11
Content-Type: application/json; charset=utf-8
Date: Thu, 02 Jun 2022 14:09:40 GMT
ETag: W/"b-Ai2R8hgEarLmHKwesT1qcY913ys"
Set-Cookie: _yasc=SmIp44cSKwM+TA8lzAi/wFLLAglzTckUGF57iXBPERB/bw==; domain=.praktikum-services.ru; path=/; expires=Sat, 02-Jul-2022 14:09:40 GMT; secure
X-Powered-By: Express
X-Request-Id: 1654178980570811-6317051194347082655

{
    "ok": true
}
HTTP/1.1 200 OK
Access-Control-Allow-Origin: *
Content-Length: 11
Content-Type: application/json; charset=utf-8
Date: Thu, 02 Jun 2022 14:09:40 GMT
ETag: W/"b-Ai2R8hgEarLmHKwesT1qcY913ys"
Set-Cookie: _yasc=SmIp44cSKwM+TA8lzAi/wFLLAglzTckUGF57iXBPERB/bw==; domain=.praktikum-services.ru; path=/; expires=Sat, 02-Jul-2022 14:09:40 GMT; secure
X-Powered-By: Express
X-Request-Id: 1654178980570811-6317051194347082655

{
    "ok": true
}
HTTP/1.1 200 OK
Access-Control-Allow-Origin: *
Content-Length: 11
Content-Type: application/json; charset=utf-8
Date: Thu, 02 Jun 2022 14:09:40 GMT
ETag: W/"b-Ai2R8hgEarLmHKwesT1qcY913ys"
Set-Cookie: _yasc=SmIp44cSKwM+TA8lzAi/wFLLAglzTckUGF57iXBPERB/bw==; domain=.praktikum-services.ru; path=/; expires=Sat, 02-Jul-2022 14:09:40 GMT; secure
X-Powered-By: Express
X-Request-Id: 1654178980570811-6317051194347082655

{
    "ok": true
}
HTTP/1.1 200 OK
Access-Control-Allow-Origin: *
Content-Length: 11
Content-Type: application/json; charset=utf-8
Date: Thu, 02 Jun 2022 14:09:40 GMT
ETag: W/"b-Ai2R8hgEarLmHKwesT1qcY913ys"
Set-Cookie: _yasc=SmIp44cSKwM+TA8lzAi/wFLLAglzTckUGF57iXBPERB/bw==; domain=.praktikum-services.ru; path=/; expires=Sat, 02-Jul-2022 14:09:40 GMT; secure
X-Powered-By: Express
X-Request-Id: 1654178980570811-6317051194347082655

{
    "ok": true
}
HTTP/1.1 200 OK
Access-Control-Allow-Origin: *
Content-Length: 11
Content-Type: application/json; charset=utf-8
Date: Thu, 02 Jun 2022 14:09:40 GMT
ETag: W/"b-Ai2R8hgEarLmHKwesT1qcY913ys"
Set-Cookie: _yasc=SmIp44cSKwM+TA8lzAi/wFLLAglzTckUGF57iXBPERB/bw==; domain=.praktikum-services.ru; path=/; expires=Sat, 02-Jul-2022 14:09:40 GMT; secure
X-Powered-By: Express
X-Request-Id: 1654178980570811-6317051194347082655

{
    "ok": true
}
HTTP/1.1 200 OK
Access-Control-Allow-Origin: *
Content-Length: 11
Content-Type: application/json; charset=utf-8
Date: Thu, 02 Jun 2022 14:09:40 GMT
ETag: W/"b-Ai2R8hgEarLmHKwesT1qcY913ys"
Set-Cookie: _yasc=SmIp44cSKwM+TA8lzAi/wFLLAglzTckUGF57iXBPERB/bw==; domain=.praktikum-services.ru; path=/; expires=Sat, 02-Jul-2022 14:09:40 GMT; secure
X-Powered-By: Express
X-Request-Id: 1654178980570811-6317051194347082655

{
    "ok": true
}
HTTP/1.1 200 OK
Access-Control-Allow-Origin: *
Content-Length: 11
Content-Type: application/json; charset=utf-8
Date: Thu, 02 Jun 2022 14:09:40 GMT
ETag: W/"b-Ai2R8hgEarLmHKwesT1qcY913ys"
Set-Cookie: _yasc=SmIp44cSKwM+TA8lzAi/wFLLAglzTckUGF57iXBPERB/bw==; domain=.praktikum-services.ru; path=/; expires=Sat, 02-Jul-2022 14:09:40 GMT; secure
X-Powered-By: Express
X-Request-Id: 1654178980570811-6317051194347082655

{
    "ok": true
}
HTTP/1.1 200 OK
Access-Control-Allow-Origin: *
Content-Length: 11
Content-Type: application/json; charset=utf-8
Date: Thu, 02 Jun 2022 14:09:40 GMT
ETag: W/"b-Ai2R8hgEarLmHKwesT1qcY913ys"
Set-Cookie: _yasc=SmIp44cSKwM+TA8lzAi/wFLLAglzTckUGF57iXBPERB/bw==; domain=.praktikum-services.ru; path=/; expires=Sat, 02-Jul-2022 14:09:40 GMT; secure
X-Powered-By: Express
X-Request-Id: 1654178980570811-6317051194347082655

{
    "ok": true
}
HTTP/1.1 200 OK
Access-Control-Allow-Origin: *
Content-Length: 11
Content-Type: application/json; charset=utf-8
Date: Thu, 02 Jun 2022 14:09:40 GMT
ETag: W/"b-Ai2R8hgEarLmHKwesT1qcY913ys"
Set-Cookie: _yasc=SmIp44cSKwM+TA8lzAi/wFLLAglzTckUGF57iXBPERB/bw==; domain=.praktikum-services.ru; path=/; expires=Sat, 02-Jul-2022 14:09:40 GMT; secure
X-Powered-By: Express
X-Request-Id: 1654178980570811-6317051194347082655

{
    "ok": true
}
HTTP/1.1 200 OK
Access-Control-Allow-Origin: *
Content-Length: 11
Content-Type: application/json; charset=utf-8
Date: Thu, 02 Jun 2022 14:09:40 GMT
ETag: W/"b-Ai2R8hgEarLmHKwesT1qcY913ys"
Set-Cookie: _yasc=SmIp44cSKwM+TA8lzAi/wFLLAglzTckUGF57iXBPERB/bw==; domain=.praktikum-services.ru; path=/; expires=Sat, 02-Jul-2022 14:09:40 GMT; secure
X-Powered-By: Express
X-Request-Id: 1654178980570811-6317051194347082655

{
    "ok": true
}
HTTP/1.1 200 OK
Access-Control-Allow-Origin: *
Content-Length: 11
Content-Type: application/json; charset=utf-8
Date: Thu, 02 Jun 2022 14:09:40 GMT
ETag: W/"b-Ai2R8hgEarLmHKwesT1qcY913ys"
Set-Cookie: _yasc=SmIp44cSKwM+TA8lzAi/wFLLAglzTckUGF57iXBPERB/bw==; domain=.praktikum-services.ru; path=/; expires=Sat, 02-Jul-2022 14:09:40 GMT; secure
X-Powered-By: Express
X-Request-Id: 1654178980570811-6317051194347082655

{
    "ok": true
}
]]></system-out>
  </testcase>
</testsuite>